******* User is creating ***********
******* User is created ***********
******* Reading the user info ***********
******* User data is displayed ***********
******* updating user data ***********
******* User data is updated ***********
******* Deleting user ***********
******* User is deleted ***********
******* User is creating ***********
******* User is created ***********
******* Reading the user info ***********
******* User data is displayed ***********
******* updating user data ***********
******* User data is updated ***********
******* Deleting user ***********
******* User is deleted ***********
debugging .......
******* User is creating ***********
******* User is created ***********
******* Reading the user info ***********
******* User data is displayed ***********
******* updating user data ***********
******* User data is updated ***********
******* Deleting user ***********
******* User is deleted ***********
